<?xml version="1.0" encoding="UTF-8"?>
<testng-results ignored="0" total="1" passed="1" failed="0" skipped="0">
  <reporter-output>
  </reporter-output>
  <suite started-at="2025-01-22T02:08:32 IST" name="Default suite" finished-at="2025-01-22T02:08:33 IST" duration-ms="900">
    <groups>
    </groups>
    <test started-at="2025-01-22T02:08:32 IST" name="Default test" finished-at="2025-01-22T02:08:33 IST" duration-ms="900">
      <class name="com.java.api.automation.ApiAutomationTest">
        <test-method signature="verifyBPIInfoWithRates()[pri:0, instance:com.java.api.automation.ApiAutomationTest@290222c1]" started-at="2025-01-22T02:08:32 IST" name="verifyBPIInfoWithRates" finished-at="2025-01-22T02:08:33 IST" duration-ms="875" status="PASS">
          <reporter-output>
          </reporter-output>
        </test-method> <!-- verifyBPIInfoWithRates -->
      </class> <!-- com.java.api.automation.ApiAutomationTest -->
    </test> <!-- Default test -->
  </suite> <!-- Default suite -->
</testng-results>
